1
/31                              
2/31 [setup-rgl]                  

3
/31                              
4/31 [clear_warnings]             

5
/31                              
6/31 [load_and_inspect_lidar_data]

7
/31                              
8/31 [fig-zrh-basic]              

9
/31                              
10/31 [fig-zrh-intensity]          

11
/31                              
12/31 [fig-zrh-classification]     

13
/31                              

14
/31 [fig-zrh-scan-angle]         

15
/31                              
16/31 [select_attributes]          

17
/31                              
18/31 [filter_points]              

19
/31                              
20/31 [fig-zrh-first-returns]      

21
/31                              
22/31 [on_the_fly_transform]       

23
/31                              
24
/31 [fig-zrh-ground-filter]      

25
/31                              
26/31 [filter_poi_example]         

27
/31                              
28/31 [fig-filter-poi-ground]      

29
/31                              
30/31 [fig-filter-poi-first-ground]

31
/31                              

output file: 01_read.knit.md


Warning messages:

1: Duplicated chunk option(s) 'label' in both chunk header and pipe comments of the chunk 'fig-zrh-basic'. 
2: Duplicated chunk option(s) 'label' in both chunk header and pipe comments of the chunk 'fig-zrh-intensity'. 
3: Duplicated chunk option(s) 'label' in both chunk header and pipe comments of the chunk 'fig-zrh-classification'. 
4: Duplicated chunk option(s) 'label' in both chunk header and pipe comments of the chunk 'fig-zrh-scan-angle'. 
5: Duplicated chunk option(s) 'label' in both chunk header and pipe comments of the chunk 'fig-zrh-first-returns'. 
6: Duplicated chunk option(s) 'label' in both chunk header and pipe comments of the chunk 'fig-zrh-ground-filter'. 
7: Duplicated chunk option(s) 'label' in both chunk header and pipe comments of the chunk 'fig-filter-poi-ground'. 
8: Duplicated chunk option(s) 'label' in both chunk header and pipe comments of the chunk 'fig-filter-poi-first-ground'. 

1
/29                              

2/29 [unnamed-chunk-1]            

3
/29                              
4/29 [clear_warnings]             

5
/29                              
6/29 [dtm_data_preprocessing]     

7
/29                              
8/29 [dtm_visualize_data]         

9
/29                              
10/29 [dtm_visualize_data_bg]      

11
/29                              
12/29 [dtm_triangulation]          

13
/29                              
14/29 [dtm_visualize_3d]           

15
/29                              
16/29 [dtm_visualize_with_lidar]   

17
/29                              
18/29 [dtm_idw]                    

19
/29                              
20/29 [dtm_visualize_idw_3d]       

21
/29                              
22/29 [normalization_dtm]          

23
/29                              
24/29 [normalization_visualize]    

25
/29                              
26/29 [normalization_dtm_tin]      

27
/29                              
28/29 [normalization_visualize_tin]

29
/29                              

output file: 02_dtm.knit.md


1
/25                                                    
2/25 [unnamed-chunk-1]                                  

3
/25                                                    
4/25 [clear_warnings]                                   

5
/25                                                    
6/25 [load_lidar_data]                                  

7
/25                                                    
8/25 [chm_las]                                          

9
/25                                                    
10/25 [point_to_raster_algorithm]                        

11
/25                                                    
12/25 [point_to_raster_algorithm_higher_resolution]      

13
/25                                                    
14/25 [point_to_raster_algorithm_subcircle]              

15
/25                                                    
16/25 [point_to_raster_algorithm_larger_subcircle_radius]

17
/25                                                    
18/25 [point_to_raster_algorithm_fill_empty_pixels]      

19
/25                                                    
20/25 [triangulation_algorithm_pitfree]                  

21
/25                                                    
22/25 [triangulation_algorithm_subcircle]                

23
/25                                                    
24/25 [post_processing]                                  

25
/25                                                    

output file: 03_chm.knit.md


1
/21                                    
2/21 [unnamed-chunk-1]                  

3
/21                                    
4/21 [clear warnings]                   

5
/21                                    
6/21 [load_lidar_data]                  

7
/21                                    
8/21 [mean_height_pixel_metrics]        

9
/21                                    
10/21 [max_height_pixel_metrics]         

11
/21                                    
12/21 [multiple_metrics_pixel_metrics]   

13
/21                                    
14/21 [predefined_metrics_pixel_metrics] 

15
/21                                    
16/21 [canopy_cover]                     

17
/21                                    
18/21 [lad_metrics]                      

19
/21                                    
20/21 [user_defined_metric_pixel_metrics]

21
/21                                    

output file: 04_metrics.knit.md


1
/37                                   

2/37 [unnamed-chunk-1]                 

3
/37                                   
4/37 [clear_warnings]                  

5
/37                                   
6/37 [read_catalog]                    

7
/37                                   
8/37 [inspect_catalog]                 

9
/37                                   
10/37 [visualize_catalog]               

11
/37                                   
12/37 [coordinate_system]               

13
/37                                   
14/37 [unnamed-chunk-2]                 

15
/37                                   
16/37 [indexing_files]                  

17
/37                                   
18/37 [generate_chm]                    

19
/37                                   
20/37 [chm_issues]                      

21
/37                                   

22/37 [catalog_options]                 

23
/37                                   
24/37 [generate_metrics]                

25
/37                                   
26/37 [generate_metrics_first_returns]  

27
/37                                   
28/37 [load_future]                     

29
/37                                   
30/37 [specify_catalog_options_parallel]

31
/37                                   
32/37 [single_core_processing]          

33
/37                                   
34/37 [parallel_processing]             

35
/37                                   
36/37 [revert_to_single_core]           

37
/37                                   

output file: 05_engine.knit.md


1
/71             

2/71 [rgl]       

3
/71             
4/71 [pkg]       

5
/71             
6/71 [las-e1]    

7
/71             
8/71 [las-e2]    

9
/71             
10/71 [las-e3]    

11
/71             
12/71 [las-e4]    

13
/71             
14/71 [roi-plots] 

15
/71             
16/71 [roi-e1]    

17
/71             
18/71 [roi-e2]    

19
/71             
20/71 [roi-e3]    

21
/71             
22/71 [aba-las]   

23
/71             

24/71 [aba-e1]    

25
/71             
26/71 [aba-e2]    

27
/71             
28/71 [aba-e3]    

29
/71             
30/71 [dtm-e1]    

31
/71             
32/71 [dtm-e2]    

33
/71             
34/71 [dtm-e3]    

35
/71             
36/71 [dtm-e4]    

37
/71             
38/71 [dtm-e5]    

39
/71             
40/71 [dtm-e6]    

41
/71             
42/71 [dtm-e7]    

43
/71             
44/71 [its-las]   

45
/71             
46/71 [its-e1]    

47
/71             
48/71 [its-e2]    

49
/71             
50/71 [its-e3]    

51
/71             
52/71 [its-e4]    

53
/71             
54/71 [its-e5]    

55
/71             
56/71 [ctg-read]  

57
/71             
58/71 [ctg-e1]    

59
/71             
60/71 [ctg-e2-er] 

61
/71             

62/71 [ctg-e2-sol]

63
/71             
64/71 [ctg-e3]    

65
/71             
66/71 [ctg-e4]    

67
/71             
68/71 [ctg-e5]    

69
/71             
70/71 [eng-e1]    

71
/71             

output file: 06_solutions.knit.md


1
/3            

2/3 [setup-rgl]

3
/3            

output file: index.knit.md


1
/41                                   
2/41 [unnamed-chunk-1]                 

3
/41                                   
4/41 [clear warnings]                  

5
/41                                   
6/41 [load_and_inspect_lidar_data]     

7
/41                                   
8/41 [select_circular_areas]           

9
/41                                   

10/41 [plot_circle]                     

11
/41                                   
12/41 [select_rectangular_areas]        

13
/41                                   
14/41 [plot_rectangle]                  

15
/41                                   
16/41 [select_multiple]                 

17
/41                                   
18/41 [plot_1]                          

19
/41                                   
20/41 [plot_2]                          

21
/41                                   
22/41 [extraction_complex_geometries_sf]

23
/41                                   
24/41 [plot_stand]                      

25
/41                                   
26/41 [clip_las]                        

27
/41                                   
28/41 [visualize_clipped_ctg]           

29
/41                                   
30/41 [visualize_clipped_ctg_two]       

31
/41                                   
32/41 [validate_clipped]                

33
/41                                   
34/41 [delete_dems]                     

35
/41                                   
36/41
 [independent_files]               

37
/41                                   
38/41 [plots_catalog]                   

39
/41                                   
40/41 [check_plot]                      

41
/41                                   

output file: S1_roi.knit.md


1
/43                           
2/43 [unnamed-chunk-1]         

3
/43                           
4/43 [clear warnings]          

5
/43                           
6/43 [chm_creation]            

7
/43                           
8/43 [chm_smoothing]           

9
/43                           
10/43 [tree_detection]          

11
/43                           
12/43 [tree_segmentation]       

13
/43                           
14/43 [tree_segmentation_legnth]

15
/43                           
16/43 [visualize_trees]         

17
/43                           
18/43 [unnamed-chunk-2]         

19
/43                           
20/43 [visualize_tree_25]       

21
/43                           
22/43 [visualize_tree_125]      

23
/43                           
24/43 [raster_trees]            

25
/43                           
26
/43 [tree_detection_no_chm]   

27
/43                           
28/43 [visualize_tree_tops ]    

29
/43                           
30/43 [tree_segmentation_li]    

31
/43                           
32/43 [visualize_tree_segmented]

33
/43                           
34/43 [crown_metrics_example]   

35
/43                           
36/43 [user_defined_metrics]    

37
/43                           
38/43 [pre_defined_metrics]     

39
/43                           
40/43 [delineate_crowns]        

41
/43                           
42/43 [set_catalog_options_itd] 

43
/43                           

output file: S2_its.knit.md




Output created: docs\index.html


